<?xml version="1.0" encoding="UTF-8"?>
<testsuite xmlns:xsi="http://www.w3.org/2001/XMLSchema-instance" xsi:noNamespaceSchemaLocation="https://maven.apache.org/surefire/maven-surefire-plugin/xsd/surefire-test-report.xsd" name="test.java.org.springframework.beans.factory.BeanFactoryTest" time="0.038" tests="2" errors="0" skipped="0" failures="0">
  <properties>
    <property name="java.specification.version" value="21"/>
    <property name="sun.cpu.isalist" value="amd64"/>
    <property name="sun.jnu.encoding" value="GBK"/>
    <property name="java.class.path" value="D:\Program Files\JetBrains\IntelliJ IDEA 2022.1.4\projects\mini-spring\target\test-classes;D:\Program Files\JetBrains\IntelliJ IDEA 2022.1.4\projects\mini-spring\target\classes;D:\Program Files\Maven\apache-maven-3.8.6\repository\org\junit\jupiter\junit-jupiter-api\5.8.2\junit-jupiter-api-5.8.2.jar;D:\Program Files\Maven\apache-maven-3.8.6\repository\org\opentest4j\opentest4j\1.2.0\opentest4j-1.2.0.jar;D:\Program Files\Maven\apache-maven-3.8.6\repository\org\junit\platform\junit-platform-commons\1.8.2\junit-platform-commons-1.8.2.jar;D:\Program Files\Maven\apache-maven-3.8.6\repository\org\apiguardian\apiguardian-api\1.1.2\apiguardian-api-1.1.2.jar;D:\Program Files\Maven\apache-maven-3.8.6\repository\org\junit\jupiter\junit-jupiter-engine\5.8.2\junit-jupiter-engine-5.8.2.jar;D:\Program Files\Maven\apache-maven-3.8.6\repository\org\junit\platform\junit-platform-engine\1.8.2\junit-platform-engine-1.8.2.jar;D:\Program Files\Maven\apache-maven-3.8.6\repository\org\junit\platform\junit-platform-launcher\1.8.2\junit-platform-launcher-1.8.2.jar;"/>
    <property name="java.vm.vendor" value="Oracle Corporation"/>
    <property name="sun.arch.data.model" value="64"/>
    <property name="user.variant" value=""/>
    <property name="java.vendor.url" value="https://java.oracle.com/"/>
    <property name="user.timezone" value="Asia/Tokyo"/>
    <property name="os.name" value="Windows 11"/>
    <property name="java.vm.specification.version" value="21"/>
    <property name="sun.java.launcher" value="SUN_STANDARD"/>
    <property name="user.country" value="CN"/>
    <property name="sun.boot.library.path" value="C:\Program Files\Java\jdk-21\bin"/>
    <property name="sun.java.command" value="C:\Users\rutaceae\AppData\Local\Temp\surefire18023004661610220685\surefirebooter7091579032955020924.jar C:\Users\rutaceae\AppData\Local\Temp\surefire18023004661610220685 2025-02-24T10-59-05_186-jvmRun1 surefire6606834891299496712tmp surefire_011335561739832135804tmp"/>
    <property name="jdk.debug" value="release"/>
    <property name="surefire.test.class.path" value="D:\Program Files\JetBrains\IntelliJ IDEA 2022.1.4\projects\mini-spring\target\test-classes;D:\Program Files\JetBrains\IntelliJ IDEA 2022.1.4\projects\mini-spring\target\classes;D:\Program Files\Maven\apache-maven-3.8.6\repository\org\junit\jupiter\junit-jupiter-api\5.8.2\junit-jupiter-api-5.8.2.jar;D:\Program Files\Maven\apache-maven-3.8.6\repository\org\opentest4j\opentest4j\1.2.0\opentest4j-1.2.0.jar;D:\Program Files\Maven\apache-maven-3.8.6\repository\org\junit\platform\junit-platform-commons\1.8.2\junit-platform-commons-1.8.2.jar;D:\Program Files\Maven\apache-maven-3.8.6\repository\org\apiguardian\apiguardian-api\1.1.2\apiguardian-api-1.1.2.jar;D:\Program Files\Maven\apache-maven-3.8.6\repository\org\junit\jupiter\junit-jupiter-engine\5.8.2\junit-jupiter-engine-5.8.2.jar;D:\Program Files\Maven\apache-maven-3.8.6\repository\org\junit\platform\junit-platform-engine\1.8.2\junit-platform-engine-1.8.2.jar;D:\Program Files\Maven\apache-maven-3.8.6\repository\org\junit\platform\junit-platform-launcher\1.8.2\junit-platform-launcher-1.8.2.jar;"/>
    <property name="sun.cpu.endian" value="little"/>
    <property name="user.home" value="C:\Users\rutaceae"/>
    <property name="user.language" value="zh"/>
    <property name="java.specification.vendor" value="Oracle Corporation"/>
    <property name="java.version.date" value="2024-10-15"/>
    <property name="java.home" value="C:\Program Files\Java\jdk-21"/>
    <property name="file.separator" value="\"/>
    <property name="basedir" value="D:\Program Files\JetBrains\IntelliJ IDEA 2022.1.4\projects\mini-spring"/>
    <property name="java.vm.compressedOopsMode" value="Zero based"/>
    <property name="line.separator" value="&#10;"/>
    <property name="java.vm.specification.vendor" value="Oracle Corporation"/>
    <property name="java.specification.name" value="Java Platform API Specification"/>
    <property name="surefire.real.class.path" value="C:\Users\rutaceae\AppData\Local\Temp\surefire18023004661610220685\surefirebooter7091579032955020924.jar"/>
    <property name="user.script" value=""/>
    <property name="sun.management.compiler" value="HotSpot 64-Bit Tiered Compilers"/>
    <property name="java.runtime.version" value="21.0.5+9-LTS-239"/>
    <property name="user.name" value="rutaceae"/>
    <property name="stdout.encoding" value="GBK"/>
    <property name="path.separator" value=";"/>
    <property name="os.version" value="10.0"/>
    <property name="java.runtime.name" value="Java(TM) SE Runtime Environment"/>
    <property name="file.encoding" value="UTF-8"/>
    <property name="java.vm.name" value="Java HotSpot(TM) 64-Bit Server VM"/>
    <property name="localRepository" value="D:\Program Files\Maven\apache-maven-3.8.6\repository"/>
    <property name="java.vendor.url.bug" value="https://bugreport.java.com/bugreport/"/>
    <property name="java.io.tmpdir" value="C:\Users\rutaceae\AppData\Local\Temp\"/>
    <property name="java.version" value="21.0.5"/>
    <property name="user.dir" value="D:\Program Files\JetBrains\IntelliJ IDEA 2022.1.4\projects\mini-spring"/>
    <property name="os.arch" value="amd64"/>
    <property name="java.vm.specification.name" value="Java Virtual Machine Specification"/>
    <property name="sun.os.patch.level" value=""/>
    <property name="native.encoding" value="GBK"/>
    <property name="java.library.path" value="C:\Program Files\Java\jdk-21\bin;C:\WINDOWS\Sun\Java\bin;C:\WINDOWS\system32;C:\WINDOWS;D:\Program Files\Anaconda3;D:\Program Files\Anaconda3\Library\mingw-w64\bin;D:\Program Files\Anaconda3\Library\usr\bin;D:\Program Files\Anaconda3\Library\bin;D:\Program Files\Anaconda3\Scripts;D:\Program Files\Anaconda3\bin;D:\Program Files\Anaconda3\condabin;c:\Users\rutaceae\AppData\Local\Programs\cursor\resources\app\bin;C:\Program Files\NVIDIA\CUDNN\v9.3\bin;C:\Program Files\NVIDIA GPU Computing Toolkit\CUDA\v12.6\bin;C:\Program Files\NVIDIA GPU Computing Toolkit\CUDA\v12.6\libnvvp;C:\Program Files\NVIDIA GPU Computing Toolkit\CUDA\v11.7\bin;C:\Program Files\NVIDIA GPU Computing Toolkit\CUDA\v11.7\libnvvp;C:\Windows\system32;C:\Windows;C:\Windows\System32\Wbem;C:\Windows\System32\WindowsPowerShell\v1.0;C:\Windows\System32\OpenSSH;C:\Program Files (x86)\NVIDIA Corporation\PhysX\Common;D:\Program Files\Git\cmd;D:\Program Files\Python\python3;D:\Program Files\TortoiseSVN\bin;C:\Program Files\Java\jdk-21\bin;D:\Program Files\Maven\apache-maven-3.8.6\bin;C:\Program Files\dotnet;C:\WINDOWS\system32;C:\WINDOWS;C:\WINDOWS\System32\Wbem;C:\WINDOWS\System32\WindowsPowerShell\v1.0;C:\WINDOWS\System32;C:\Program Files\NVIDIA Corporation\NVIDIA app\NvDLISR;C:\WINDOWS\system32;C:\WINDOWS;C:\WINDOWS\System32\Wbem;C:\WINDOWS\System32\WindowsPowerShell\v1.0;C:\WINDOWS\System32\OpenSSH;D:\Program Files\nodejs;D:\Program Files\Anaconda3\Scripts;D:\Program Files\Calibre2;C:\Users\rutaceae\scoop\shims;D:\Program Files\Python\python310\Scripts;D:\Program Files\Python\python310;C:\Users\rutaceae\go\bin;D:\Program Files (x86)\Microsoft VS Code\bin;D:\Program Files\JetBrains\GoLand 2021.3.4\bin;D:\Program Files\JetBrains\IntelliJ IDEA 2022.1.4\bin;D:\Program Files\ffmpeg\bin;C:\Users\rutaceae\AppData\Local\spicetify;D:\Program Files\JetBrains\PyCharm 2022.3.2\bin;C:\Users\rutaceae\AppData\Local\Microsoft\WindowsApps;D:\Program Files\Neovim\bin;D:\Program Files\JetBrains\WebStorm 2023.2\bin;D:\Program Files\spicetify;C:\Users\rutaceae\go\bin;C:\Users\rutaceae\AppData\Local\Programs\Ollama;D:\Program Files\Windsurf\bin;C:\Users\rutaceae\AppData\Local\Microsoft\WindowsApps;C:\Users\rutaceae\AppData\Roaming\npm;c:\Users\rutaceae\AppData\Roaming\Code\User\globalStorage\github.copilot-chat\debugCommand;."/>
    <property name="java.vm.info" value="mixed mode, sharing"/>
    <property name="stderr.encoding" value="GBK"/>
    <property name="java.vendor" value="Oracle Corporation"/>
    <property name="java.vm.version" value="21.0.5+9-LTS-239"/>
    <property name="sun.io.unicode.encoding" value="UnicodeLittle"/>
    <property name="java.class.version" value="65.0"/>
  </properties>
  <testcase name="testGetBeanNotFound" classname="test.java.org.springframework.beans.factory.BeanFactoryTest" time="0.026"/>
  <testcase name="testRegisterBean" classname="test.java.org.springframework.beans.factory.BeanFactoryTest" time="0.002"/>
</testsuite>